<?xml version="1.0" encoding="UTF-8"?>
<testng-results skipped="0" failed="0" ignored="1" total="1" passed="0">
  <reporter-output>
  </reporter-output>
  <suite name="Default suite" duration-ms="24" started-at="2021-08-16T15:01:47 IST" finished-at="2021-08-16T15:01:47 IST">
    <groups>
    </groups>
    <test name="Default test" duration-ms="24" started-at="2021-08-16T15:01:47 IST" finished-at="2021-08-16T15:01:47 IST">
      <class name="com.amex.tests.PhoneSearchTestNGTest">
        <test-method status="PASS" signature="beforeTest()[pri:0, instance:com.amex.tests.PhoneSearchTestNGTest@7e2d773b]" name="beforeTest" is-config="true" duration-ms="8" started-at="2021-08-16T15:01:47 IST" finished-at="2021-08-16T15:01:47 IST">
          <reporter-output>
          </reporter-output>
        </test-method> <!-- beforeTest -->
      </class> <!-- com.amex.tests.PhoneSearchTestNGTest -->
    </test> <!-- Default test -->
  </suite> <!-- Default suite -->
</testng-results>
