<?xml version="1.0" encoding="UTF-8"?>
<!-- Generated by org.testng.reporters.JUnitXMLReporter -->
<testsuite hostname="DESKTOP-55AGI0I" ignored="0" name="Default test" tests="12" failures="0" timestamp="2021-08-19T16:49:48 IST" time="5.097" errors="0">
  <testcase name="getCustomerByQueryParamTest" time="2.599" classname="com.amex.restassureddemo.weathertests.JSONPlaceHolderTest"/>
  <testcase name="getUserByPathParamTest" time="0.268" classname="com.amex.restassureddemo.weathertests.JSONPlaceHolderTest"/>
  <testcase name="getUserByPathParamTest" time="0.163" classname="com.amex.restassureddemo.weathertests.JSONPlaceHolderTest"/>
  <testcase name="getUserByPathParamTest" time="0.132" classname="com.amex.restassureddemo.weathertests.JSONPlaceHolderTest"/>
  <testcase name="getUserByPathParamTest" time="0.131" classname="com.amex.restassureddemo.weathertests.JSONPlaceHolderTest"/>
  <testcase name="getUserByPathParamTest" time="0.227" classname="com.amex.restassureddemo.weathertests.JSONPlaceHolderTest"/>
  <testcase name="getUserByPathParamTest" time="0.139" classname="com.amex.restassureddemo.weathertests.JSONPlaceHolderTest"/>
  <testcase name="getUserByPathParamTest" time="0.118" classname="com.amex.restassureddemo.weathertests.JSONPlaceHolderTest"/>
  <testcase name="getUserByPathParamTest" time="0.155" classname="com.amex.restassureddemo.weathertests.JSONPlaceHolderTest"/>
  <testcase name="getUserByPathParamTest" time="0.136" classname="com.amex.restassureddemo.weathertests.JSONPlaceHolderTest"/>
  <testcase name="getUserByPathParamTest" time="0.117" classname="com.amex.restassureddemo.weathertests.JSONPlaceHolderTest"/>
  <testcase name="getUsersTest" time="0.123" classname="com.amex.restassureddemo.weathertests.JSONPlaceHolderTest"/>
</testsuite> <!-- Default test -->
